<?xml version="1.0" encoding="UTF-8"?>
<testsuite xmlns:xsi="http://www.w3.org/2001/XMLSchema-instance" xsi:noNamespaceSchemaLocation="https://maven.apache.org/surefire/maven-surefire-plugin/xsd/surefire-test-report.xsd" name="com.example.psn_interface.PsnInterfaceApplicationTests" time="8.175" tests="1" errors="0" skipped="0" failures="0">
  <properties>
    <property name="sun.desktop" value="gnome"/>
    <property name="awt.toolkit" value="sun.awt.X11.XToolkit"/>
    <property name="java.specification.version" value="11"/>
    <property name="sun.cpu.isalist" value=""/>
    <property name="sun.jnu.encoding" value="UTF-8"/>
    <property name="java.class.path" value="/home/julian/Documentos/psn/psn_interface/target/test-classes:/home/julian/Documentos/psn/psn_interface/target/classes:/home/julian/.m2/repository/org/springframework/boot/spring-boot-starter-graphql/2.7.12/spring-boot-starter-graphql-2.7.12.jar:/home/julian/.m2/repository/org/springframework/boot/spring-boot-starter/2.7.12/spring-boot-starter-2.7.12.jar:/home/julian/.m2/repository/org/springframework/boot/spring-boot/2.7.12/spring-boot-2.7.12.jar:/home/julian/.m2/repository/org/springframework/boot/spring-boot-autoconfigure/2.7.12/spring-boot-autoconfigure-2.7.12.jar:/home/julian/.m2/repository/org/springframework/boot/spring-boot-starter-logging/2.7.12/spring-boot-starter-logging-2.7.12.jar:/home/julian/.m2/repository/ch/qos/logback/logback-classic/1.2.12/logback-classic-1.2.12.jar:/home/julian/.m2/repository/ch/qos/logback/logback-core/1.2.12/logback-core-1.2.12.jar:/home/julian/.m2/repository/org/apache/logging/log4j/log4j-to-slf4j/2.17.2/log4j-to-slf4j-2.17.2.jar:/home/julian/.m2/repository/org/apache/logging/log4j/log4j-api/2.17.2/log4j-api-2.17.2.jar:/home/julian/.m2/repository/org/slf4j/jul-to-slf4j/1.7.36/jul-to-slf4j-1.7.36.jar:/home/julian/.m2/repository/jakarta/annotation/jakarta.annotation-api/1.3.5/jakarta.annotation-api-1.3.5.jar:/home/julian/.m2/repository/org/yaml/snakeyaml/1.30/snakeyaml-1.30.jar:/home/julian/.m2/repository/org/springframework/boot/spring-boot-starter-json/2.7.12/spring-boot-starter-json-2.7.12.jar:/home/julian/.m2/repository/com/fasterxml/jackson/core/jackson-databind/2.13.5/jackson-databind-2.13.5.jar:/home/julian/.m2/repository/com/fasterxml/jackson/core/jackson-annotations/2.13.5/jackson-annotations-2.13.5.jar:/home/julian/.m2/repository/com/fasterxml/jackson/core/jackson-core/2.13.5/jackson-core-2.13.5.jar:/home/julian/.m2/repository/com/fasterxml/jackson/datatype/jackson-datatype-jdk8/2.13.5/jackson-datatype-jdk8-2.13.5.jar:/home/julian/.m2/repository/com/fasterxml/jackson/datatype/jackson-datatype-jsr310/2.13.5/jackson-datatype-jsr310-2.13.5.jar:/home/julian/.m2/repository/com/fasterxml/jackson/module/jackson-module-parameter-names/2.13.5/jackson-module-parameter-names-2.13.5.jar:/home/julian/.m2/repository/org/springframework/graphql/spring-graphql/1.0.4/spring-graphql-1.0.4.jar:/home/julian/.m2/repository/org/springframework/boot/spring-boot-starter-web/2.7.12/spring-boot-starter-web-2.7.12.jar:/home/julian/.m2/repository/org/springframework/boot/spring-boot-starter-tomcat/2.7.12/spring-boot-starter-tomcat-2.7.12.jar:/home/julian/.m2/repository/org/apache/tomcat/embed/tomcat-embed-core/9.0.75/tomcat-embed-core-9.0.75.jar:/home/julian/.m2/repository/org/apache/tomcat/embed/tomcat-embed-el/9.0.75/tomcat-embed-el-9.0.75.jar:/home/julian/.m2/repository/org/apache/tomcat/embed/tomcat-embed-websocket/9.0.75/tomcat-embed-websocket-9.0.75.jar:/home/julian/.m2/repository/org/springframework/spring-web/5.3.27/spring-web-5.3.27.jar:/home/julian/.m2/repository/org/springframework/spring-beans/5.3.27/spring-beans-5.3.27.jar:/home/julian/.m2/repository/org/springframework/spring-webmvc/5.3.27/spring-webmvc-5.3.27.jar:/home/julian/.m2/repository/org/springframework/spring-aop/5.3.27/spring-aop-5.3.27.jar:/home/julian/.m2/repository/org/springframework/spring-expression/5.3.27/spring-expression-5.3.27.jar:/home/julian/.m2/repository/org/springframework/boot/spring-boot-starter-web-services/2.7.12/spring-boot-starter-web-services-2.7.12.jar:/home/julian/.m2/repository/com/sun/xml/messaging/saaj/saaj-impl/1.5.3/saaj-impl-1.5.3.jar:/home/julian/.m2/repository/jakarta/xml/soap/jakarta.xml.soap-api/1.4.2/jakarta.xml.soap-api-1.4.2.jar:/home/julian/.m2/repository/org/jvnet/staxex/stax-ex/1.8.3/stax-ex-1.8.3.jar:/home/julian/.m2/repository/jakarta/xml/ws/jakarta.xml.ws-api/2.3.3/jakarta.xml.ws-api-2.3.3.jar:/home/julian/.m2/repository/jakarta/jws/jakarta.jws-api/2.1.0/jakarta.jws-api-2.1.0.jar:/home/julian/.m2/repository/org/springframework/spring-oxm/5.3.27/spring-oxm-5.3.27.jar:/home/julian/.m2/repository/org/springframework/ws/spring-ws-core/3.1.6/spring-ws-core-3.1.6.jar:/home/julian/.m2/repository/org/springframework/ws/spring-xml/3.1.6/spring-xml-3.1.6.jar:/home/julian/.m2/repository/org/springframework/boot/spring-boot-starter-test/2.7.12/spring-boot-starter-test-2.7.12.jar:/home/julian/.m2/repository/org/springframework/boot/spring-boot-test/2.7.12/spring-boot-test-2.7.12.jar:/home/julian/.m2/repository/org/springframework/boot/spring-boot-test-autoconfigure/2.7.12/spring-boot-test-autoconfigure-2.7.12.jar:/home/julian/.m2/repository/com/jayway/jsonpath/json-path/2.7.0/json-path-2.7.0.jar:/home/julian/.m2/repository/net/minidev/json-smart/2.4.11/json-smart-2.4.11.jar:/home/julian/.m2/repository/net/minidev/accessors-smart/2.4.11/accessors-smart-2.4.11.jar:/home/julian/.m2/repository/org/ow2/asm/asm/9.3/asm-9.3.jar:/home/julian/.m2/repository/org/slf4j/slf4j-api/1.7.36/slf4j-api-1.7.36.jar:/home/julian/.m2/repository/org/assertj/assertj-core/3.22.0/assertj-core-3.22.0.jar:/home/julian/.m2/repository/org/hamcrest/hamcrest/2.2/hamcrest-2.2.jar:/home/julian/.m2/repository/org/junit/jupiter/junit-jupiter/5.8.2/junit-jupiter-5.8.2.jar:/home/julian/.m2/repository/org/junit/jupiter/junit-jupiter-api/5.8.2/junit-jupiter-api-5.8.2.jar:/home/julian/.m2/repository/org/opentest4j/opentest4j/1.2.0/opentest4j-1.2.0.jar:/home/julian/.m2/repository/org/junit/platform/junit-platform-commons/1.8.2/junit-platform-commons-1.8.2.jar:/home/julian/.m2/repository/org/apiguardian/apiguardian-api/1.1.2/apiguardian-api-1.1.2.jar:/home/julian/.m2/repository/org/junit/jupiter/junit-jupiter-params/5.8.2/junit-jupiter-params-5.8.2.jar:/home/julian/.m2/repository/org/junit/jupiter/junit-jupiter-engine/5.8.2/junit-jupiter-engine-5.8.2.jar:/home/julian/.m2/repository/org/junit/platform/junit-platform-engine/1.8.2/junit-platform-engine-1.8.2.jar:/home/julian/.m2/repository/org/mockito/mockito-core/4.5.1/mockito-core-4.5.1.jar:/home/julian/.m2/repository/net/bytebuddy/byte-buddy/1.12.23/byte-buddy-1.12.23.jar:/home/julian/.m2/repository/net/bytebuddy/byte-buddy-agent/1.12.23/byte-buddy-agent-1.12.23.jar:/home/julian/.m2/repository/org/objenesis/objenesis/3.2/objenesis-3.2.jar:/home/julian/.m2/repository/org/mockito/mockito-junit-jupiter/4.5.1/mockito-junit-jupiter-4.5.1.jar:/home/julian/.m2/repository/org/skyscreamer/jsonassert/1.5.1/jsonassert-1.5.1.jar:/home/julian/.m2/repository/com/vaadin/external/google/android-json/0.0.20131108.vaadin1/android-json-0.0.20131108.vaadin1.jar:/home/julian/.m2/repository/org/springframework/spring-core/5.3.27/spring-core-5.3.27.jar:/home/julian/.m2/repository/org/springframework/spring-jcl/5.3.27/spring-jcl-5.3.27.jar:/home/julian/.m2/repository/org/springframework/spring-test/5.3.27/spring-test-5.3.27.jar:/home/julian/.m2/repository/org/xmlunit/xmlunit-core/2.9.1/xmlunit-core-2.9.1.jar:/home/julian/.m2/repository/org/springframework/boot/spring-boot-starter-webflux/2.7.12/spring-boot-starter-webflux-2.7.12.jar:/home/julian/.m2/repository/org/springframework/boot/spring-boot-starter-reactor-netty/2.7.12/spring-boot-starter-reactor-netty-2.7.12.jar:/home/julian/.m2/repository/io/projectreactor/netty/reactor-netty-http/1.0.32/reactor-netty-http-1.0.32.jar:/home/julian/.m2/repository/io/netty/netty-codec-http/4.1.92.Final/netty-codec-http-4.1.92.Final.jar:/home/julian/.m2/repository/io/netty/netty-common/4.1.92.Final/netty-common-4.1.92.Final.jar:/home/julian/.m2/repository/io/netty/netty-buffer/4.1.92.Final/netty-buffer-4.1.92.Final.jar:/home/julian/.m2/repository/io/netty/netty-transport/4.1.92.Final/netty-transport-4.1.92.Final.jar:/home/julian/.m2/repository/io/netty/netty-codec/4.1.92.Final/netty-codec-4.1.92.Final.jar:/home/julian/.m2/repository/io/netty/netty-handler/4.1.92.Final/netty-handler-4.1.92.Final.jar:/home/julian/.m2/repository/io/netty/netty-codec-http2/4.1.92.Final/netty-codec-http2-4.1.92.Final.jar:/home/julian/.m2/repository/io/netty/netty-resolver-dns/4.1.92.Final/netty-resolver-dns-4.1.92.Final.jar:/home/julian/.m2/repository/io/netty/netty-resolver/4.1.92.Final/netty-resolver-4.1.92.Final.jar:/home/julian/.m2/repository/io/netty/netty-codec-dns/4.1.92.Final/netty-codec-dns-4.1.92.Final.jar:/home/julian/.m2/repository/io/netty/netty-resolver-dns-native-macos/4.1.92.Final/netty-resolver-dns-native-macos-4.1.92.Final-osx-x86_64.jar:/home/julian/.m2/repository/io/netty/netty-resolver-dns-classes-macos/4.1.92.Final/netty-resolver-dns-classes-macos-4.1.92.Final.jar:/home/julian/.m2/repository/io/netty/netty-transport-native-epoll/4.1.92.Final/netty-transport-native-epoll-4.1.92.Final-linux-x86_64.jar:/home/julian/.m2/repository/io/netty/netty-transport-native-unix-common/4.1.92.Final/netty-transport-native-unix-common-4.1.92.Final.jar:/home/julian/.m2/repository/io/netty/netty-transport-classes-epoll/4.1.92.Final/netty-transport-classes-epoll-4.1.92.Final.jar:/home/julian/.m2/repository/io/projectreactor/netty/reactor-netty-core/1.0.32/reactor-netty-core-1.0.32.jar:/home/julian/.m2/repository/io/netty/netty-handler-proxy/4.1.92.Final/netty-handler-proxy-4.1.92.Final.jar:/home/julian/.m2/repository/io/netty/netty-codec-socks/4.1.92.Final/netty-codec-socks-4.1.92.Final.jar:/home/julian/.m2/repository/org/springframework/spring-webflux/5.3.27/spring-webflux-5.3.27.jar:/home/julian/.m2/repository/jakarta/xml/bind/jakarta.xml.bind-api/3.0.1/jakarta.xml.bind-api-3.0.1.jar:/home/julian/.m2/repository/com/sun/activation/jakarta.activation/1.2.2/jakarta.activation-1.2.2.jar:/home/julian/.m2/repository/org/projectlombok/lombok/1.18.28/lombok-1.18.28.jar:/home/julian/.m2/repository/org/springframework/graphql/spring-graphql-test/1.0.4/spring-graphql-test-1.0.4.jar:/home/julian/.m2/repository/com/graphql-java/graphql-java/18.5/graphql-java-18.5.jar:/home/julian/.m2/repository/com/graphql-java/java-dataloader/3.1.2/java-dataloader-3.1.2.jar:/home/julian/.m2/repository/org/reactivestreams/reactive-streams/1.0.4/reactive-streams-1.0.4.jar:/home/julian/.m2/repository/org/antlr/antlr4-runtime/4.9.3/antlr4-runtime-4.9.3.jar:/home/julian/.m2/repository/io/projectreactor/reactor-core/3.4.29/reactor-core-3.4.29.jar:/home/julian/.m2/repository/org/springframework/spring-context/5.3.27/spring-context-5.3.27.jar:/home/julian/.m2/repository/wsdl4j/wsdl4j/1.6.3/wsdl4j-1.6.3.jar:/home/julian/.m2/repository/com/sun/xml/bind/jaxb-core/2.3.0.1/jaxb-core-2.3.0.1.jar:/home/julian/.m2/repository/javax/xml/bind/jaxb-api/2.3.1/jaxb-api-2.3.1.jar:/home/julian/.m2/repository/javax/activation/javax.activation-api/1.2.0/javax.activation-api-1.2.0.jar:/home/julian/.m2/repository/com/sun/xml/bind/jaxb-impl/2.3.1/jaxb-impl-2.3.1.jar:"/>
    <property name="java.vm.vendor" value="Eclipse Adoptium"/>
    <property name="sun.arch.data.model" value="64"/>
    <property name="java.vendor.url" value="https://adoptium.net/"/>
    <property name="user.timezone" value=""/>
    <property name="java.vm.specification.version" value="11"/>
    <property name="os.name" value="Linux"/>
    <property name="sun.java.launcher" value="SUN_STANDARD"/>
    <property name="user.country" value="CO"/>
    <property name="sun.boot.library.path" value="/home/julian/.jdks/temurin-11.0.19/lib"/>
    <property name="sun.java.command" value="/home/julian/Documentos/psn/psn_interface/target/surefire/surefirebooter11722939941158182933.jar /home/julian/Documentos/psn/psn_interface/target/surefire 2023-06-05T17-36-40_523-jvmRun1 surefire4650616208682439974tmp surefire_01286529292401453104tmp"/>
    <property name="jdk.debug" value="release"/>
    <property name="surefire.test.class.path" value="/home/julian/Documentos/psn/psn_interface/target/test-classes:/home/julian/Documentos/psn/psn_interface/target/classes:/home/julian/.m2/repository/org/springframework/boot/spring-boot-starter-graphql/2.7.12/spring-boot-starter-graphql-2.7.12.jar:/home/julian/.m2/repository/org/springframework/boot/spring-boot-starter/2.7.12/spring-boot-starter-2.7.12.jar:/home/julian/.m2/repository/org/springframework/boot/spring-boot/2.7.12/spring-boot-2.7.12.jar:/home/julian/.m2/repository/org/springframework/boot/spring-boot-autoconfigure/2.7.12/spring-boot-autoconfigure-2.7.12.jar:/home/julian/.m2/repository/org/springframework/boot/spring-boot-starter-logging/2.7.12/spring-boot-starter-logging-2.7.12.jar:/home/julian/.m2/repository/ch/qos/logback/logback-classic/1.2.12/logback-classic-1.2.12.jar:/home/julian/.m2/repository/ch/qos/logback/logback-core/1.2.12/logback-core-1.2.12.jar:/home/julian/.m2/repository/org/apache/logging/log4j/log4j-to-slf4j/2.17.2/log4j-to-slf4j-2.17.2.jar:/home/julian/.m2/repository/org/apache/logging/log4j/log4j-api/2.17.2/log4j-api-2.17.2.jar:/home/julian/.m2/repository/org/slf4j/jul-to-slf4j/1.7.36/jul-to-slf4j-1.7.36.jar:/home/julian/.m2/repository/jakarta/annotation/jakarta.annotation-api/1.3.5/jakarta.annotation-api-1.3.5.jar:/home/julian/.m2/repository/org/yaml/snakeyaml/1.30/snakeyaml-1.30.jar:/home/julian/.m2/repository/org/springframework/boot/spring-boot-starter-json/2.7.12/spring-boot-starter-json-2.7.12.jar:/home/julian/.m2/repository/com/fasterxml/jackson/core/jackson-databind/2.13.5/jackson-databind-2.13.5.jar:/home/julian/.m2/repository/com/fasterxml/jackson/core/jackson-annotations/2.13.5/jackson-annotations-2.13.5.jar:/home/julian/.m2/repository/com/fasterxml/jackson/core/jackson-core/2.13.5/jackson-core-2.13.5.jar:/home/julian/.m2/repository/com/fasterxml/jackson/datatype/jackson-datatype-jdk8/2.13.5/jackson-datatype-jdk8-2.13.5.jar:/home/julian/.m2/repository/com/fasterxml/jackson/datatype/jackson-datatype-jsr310/2.13.5/jackson-datatype-jsr310-2.13.5.jar:/home/julian/.m2/repository/com/fasterxml/jackson/module/jackson-module-parameter-names/2.13.5/jackson-module-parameter-names-2.13.5.jar:/home/julian/.m2/repository/org/springframework/graphql/spring-graphql/1.0.4/spring-graphql-1.0.4.jar:/home/julian/.m2/repository/org/springframework/boot/spring-boot-starter-web/2.7.12/spring-boot-starter-web-2.7.12.jar:/home/julian/.m2/repository/org/springframework/boot/spring-boot-starter-tomcat/2.7.12/spring-boot-starter-tomcat-2.7.12.jar:/home/julian/.m2/repository/org/apache/tomcat/embed/tomcat-embed-core/9.0.75/tomcat-embed-core-9.0.75.jar:/home/julian/.m2/repository/org/apache/tomcat/embed/tomcat-embed-el/9.0.75/tomcat-embed-el-9.0.75.jar:/home/julian/.m2/repository/org/apache/tomcat/embed/tomcat-embed-websocket/9.0.75/tomcat-embed-websocket-9.0.75.jar:/home/julian/.m2/repository/org/springframework/spring-web/5.3.27/spring-web-5.3.27.jar:/home/julian/.m2/repository/org/springframework/spring-beans/5.3.27/spring-beans-5.3.27.jar:/home/julian/.m2/repository/org/springframework/spring-webmvc/5.3.27/spring-webmvc-5.3.27.jar:/home/julian/.m2/repository/org/springframework/spring-aop/5.3.27/spring-aop-5.3.27.jar:/home/julian/.m2/repository/org/springframework/spring-expression/5.3.27/spring-expression-5.3.27.jar:/home/julian/.m2/repository/org/springframework/boot/spring-boot-starter-web-services/2.7.12/spring-boot-starter-web-services-2.7.12.jar:/home/julian/.m2/repository/com/sun/xml/messaging/saaj/saaj-impl/1.5.3/saaj-impl-1.5.3.jar:/home/julian/.m2/repository/jakarta/xml/soap/jakarta.xml.soap-api/1.4.2/jakarta.xml.soap-api-1.4.2.jar:/home/julian/.m2/repository/org/jvnet/staxex/stax-ex/1.8.3/stax-ex-1.8.3.jar:/home/julian/.m2/repository/jakarta/xml/ws/jakarta.xml.ws-api/2.3.3/jakarta.xml.ws-api-2.3.3.jar:/home/julian/.m2/repository/jakarta/jws/jakarta.jws-api/2.1.0/jakarta.jws-api-2.1.0.jar:/home/julian/.m2/repository/org/springframework/spring-oxm/5.3.27/spring-oxm-5.3.27.jar:/home/julian/.m2/repository/org/springframework/ws/spring-ws-core/3.1.6/spring-ws-core-3.1.6.jar:/home/julian/.m2/repository/org/springframework/ws/spring-xml/3.1.6/spring-xml-3.1.6.jar:/home/julian/.m2/repository/org/springframework/boot/spring-boot-starter-test/2.7.12/spring-boot-starter-test-2.7.12.jar:/home/julian/.m2/repository/org/springframework/boot/spring-boot-test/2.7.12/spring-boot-test-2.7.12.jar:/home/julian/.m2/repository/org/springframework/boot/spring-boot-test-autoconfigure/2.7.12/spring-boot-test-autoconfigure-2.7.12.jar:/home/julian/.m2/repository/com/jayway/jsonpath/json-path/2.7.0/json-path-2.7.0.jar:/home/julian/.m2/repository/net/minidev/json-smart/2.4.11/json-smart-2.4.11.jar:/home/julian/.m2/repository/net/minidev/accessors-smart/2.4.11/accessors-smart-2.4.11.jar:/home/julian/.m2/repository/org/ow2/asm/asm/9.3/asm-9.3.jar:/home/julian/.m2/repository/org/slf4j/slf4j-api/1.7.36/slf4j-api-1.7.36.jar:/home/julian/.m2/repository/org/assertj/assertj-core/3.22.0/assertj-core-3.22.0.jar:/home/julian/.m2/repository/org/hamcrest/hamcrest/2.2/hamcrest-2.2.jar:/home/julian/.m2/repository/org/junit/jupiter/junit-jupiter/5.8.2/junit-jupiter-5.8.2.jar:/home/julian/.m2/repository/org/junit/jupiter/junit-jupiter-api/5.8.2/junit-jupiter-api-5.8.2.jar:/home/julian/.m2/repository/org/opentest4j/opentest4j/1.2.0/opentest4j-1.2.0.jar:/home/julian/.m2/repository/org/junit/platform/junit-platform-commons/1.8.2/junit-platform-commons-1.8.2.jar:/home/julian/.m2/repository/org/apiguardian/apiguardian-api/1.1.2/apiguardian-api-1.1.2.jar:/home/julian/.m2/repository/org/junit/jupiter/junit-jupiter-params/5.8.2/junit-jupiter-params-5.8.2.jar:/home/julian/.m2/repository/org/junit/jupiter/junit-jupiter-engine/5.8.2/junit-jupiter-engine-5.8.2.jar:/home/julian/.m2/repository/org/junit/platform/junit-platform-engine/1.8.2/junit-platform-engine-1.8.2.jar:/home/julian/.m2/repository/org/mockito/mockito-core/4.5.1/mockito-core-4.5.1.jar:/home/julian/.m2/repository/net/bytebuddy/byte-buddy/1.12.23/byte-buddy-1.12.23.jar:/home/julian/.m2/repository/net/bytebuddy/byte-buddy-agent/1.12.23/byte-buddy-agent-1.12.23.jar:/home/julian/.m2/repository/org/objenesis/objenesis/3.2/objenesis-3.2.jar:/home/julian/.m2/repository/org/mockito/mockito-junit-jupiter/4.5.1/mockito-junit-jupiter-4.5.1.jar:/home/julian/.m2/repository/org/skyscreamer/jsonassert/1.5.1/jsonassert-1.5.1.jar:/home/julian/.m2/repository/com/vaadin/external/google/android-json/0.0.20131108.vaadin1/android-json-0.0.20131108.vaadin1.jar:/home/julian/.m2/repository/org/springframework/spring-core/5.3.27/spring-core-5.3.27.jar:/home/julian/.m2/repository/org/springframework/spring-jcl/5.3.27/spring-jcl-5.3.27.jar:/home/julian/.m2/repository/org/springframework/spring-test/5.3.27/spring-test-5.3.27.jar:/home/julian/.m2/repository/org/xmlunit/xmlunit-core/2.9.1/xmlunit-core-2.9.1.jar:/home/julian/.m2/repository/org/springframework/boot/spring-boot-starter-webflux/2.7.12/spring-boot-starter-webflux-2.7.12.jar:/home/julian/.m2/repository/org/springframework/boot/spring-boot-starter-reactor-netty/2.7.12/spring-boot-starter-reactor-netty-2.7.12.jar:/home/julian/.m2/repository/io/projectreactor/netty/reactor-netty-http/1.0.32/reactor-netty-http-1.0.32.jar:/home/julian/.m2/repository/io/netty/netty-codec-http/4.1.92.Final/netty-codec-http-4.1.92.Final.jar:/home/julian/.m2/repository/io/netty/netty-common/4.1.92.Final/netty-common-4.1.92.Final.jar:/home/julian/.m2/repository/io/netty/netty-buffer/4.1.92.Final/netty-buffer-4.1.92.Final.jar:/home/julian/.m2/repository/io/netty/netty-transport/4.1.92.Final/netty-transport-4.1.92.Final.jar:/home/julian/.m2/repository/io/netty/netty-codec/4.1.92.Final/netty-codec-4.1.92.Final.jar:/home/julian/.m2/repository/io/netty/netty-handler/4.1.92.Final/netty-handler-4.1.92.Final.jar:/home/julian/.m2/repository/io/netty/netty-codec-http2/4.1.92.Final/netty-codec-http2-4.1.92.Final.jar:/home/julian/.m2/repository/io/netty/netty-resolver-dns/4.1.92.Final/netty-resolver-dns-4.1.92.Final.jar:/home/julian/.m2/repository/io/netty/netty-resolver/4.1.92.Final/netty-resolver-4.1.92.Final.jar:/home/julian/.m2/repository/io/netty/netty-codec-dns/4.1.92.Final/netty-codec-dns-4.1.92.Final.jar:/home/julian/.m2/repository/io/netty/netty-resolver-dns-native-macos/4.1.92.Final/netty-resolver-dns-native-macos-4.1.92.Final-osx-x86_64.jar:/home/julian/.m2/repository/io/netty/netty-resolver-dns-classes-macos/4.1.92.Final/netty-resolver-dns-classes-macos-4.1.92.Final.jar:/home/julian/.m2/repository/io/netty/netty-transport-native-epoll/4.1.92.Final/netty-transport-native-epoll-4.1.92.Final-linux-x86_64.jar:/home/julian/.m2/repository/io/netty/netty-transport-native-unix-common/4.1.92.Final/netty-transport-native-unix-common-4.1.92.Final.jar:/home/julian/.m2/repository/io/netty/netty-transport-classes-epoll/4.1.92.Final/netty-transport-classes-epoll-4.1.92.Final.jar:/home/julian/.m2/repository/io/projectreactor/netty/reactor-netty-core/1.0.32/reactor-netty-core-1.0.32.jar:/home/julian/.m2/repository/io/netty/netty-handler-proxy/4.1.92.Final/netty-handler-proxy-4.1.92.Final.jar:/home/julian/.m2/repository/io/netty/netty-codec-socks/4.1.92.Final/netty-codec-socks-4.1.92.Final.jar:/home/julian/.m2/repository/org/springframework/spring-webflux/5.3.27/spring-webflux-5.3.27.jar:/home/julian/.m2/repository/jakarta/xml/bind/jakarta.xml.bind-api/3.0.1/jakarta.xml.bind-api-3.0.1.jar:/home/julian/.m2/repository/com/sun/activation/jakarta.activation/1.2.2/jakarta.activation-1.2.2.jar:/home/julian/.m2/repository/org/projectlombok/lombok/1.18.28/lombok-1.18.28.jar:/home/julian/.m2/repository/org/springframework/graphql/spring-graphql-test/1.0.4/spring-graphql-test-1.0.4.jar:/home/julian/.m2/repository/com/graphql-java/graphql-java/18.5/graphql-java-18.5.jar:/home/julian/.m2/repository/com/graphql-java/java-dataloader/3.1.2/java-dataloader-3.1.2.jar:/home/julian/.m2/repository/org/reactivestreams/reactive-streams/1.0.4/reactive-streams-1.0.4.jar:/home/julian/.m2/repository/org/antlr/antlr4-runtime/4.9.3/antlr4-runtime-4.9.3.jar:/home/julian/.m2/repository/io/projectreactor/reactor-core/3.4.29/reactor-core-3.4.29.jar:/home/julian/.m2/repository/org/springframework/spring-context/5.3.27/spring-context-5.3.27.jar:/home/julian/.m2/repository/wsdl4j/wsdl4j/1.6.3/wsdl4j-1.6.3.jar:/home/julian/.m2/repository/com/sun/xml/bind/jaxb-core/2.3.0.1/jaxb-core-2.3.0.1.jar:/home/julian/.m2/repository/javax/xml/bind/jaxb-api/2.3.1/jaxb-api-2.3.1.jar:/home/julian/.m2/repository/javax/activation/javax.activation-api/1.2.0/javax.activation-api-1.2.0.jar:/home/julian/.m2/repository/com/sun/xml/bind/jaxb-impl/2.3.1/jaxb-impl-2.3.1.jar:"/>
    <property name="sun.cpu.endian" value="little"/>
    <property name="user.home" value="/home/julian"/>
    <property name="user.language" value="es"/>
    <property name="java.specification.vendor" value="Oracle Corporation"/>
    <property name="java.version.date" value="2023-04-18"/>
    <property name="java.home" value="/home/julian/.jdks/temurin-11.0.19"/>
    <property name="file.separator" value="/"/>
    <property name="basedir" value="/home/julian/Documentos/psn/psn_interface"/>
    <property name="java.vm.compressedOopsMode" value="32-bit"/>
    <property name="line.separator" value="&#10;"/>
    <property name="java.specification.name" value="Java Platform API Specification"/>
    <property name="java.vm.specification.vendor" value="Oracle Corporation"/>
    <property name="java.awt.graphicsenv" value="sun.awt.X11GraphicsEnvironment"/>
    <property name="surefire.real.class.path" value="/home/julian/Documentos/psn/psn_interface/target/surefire/surefirebooter11722939941158182933.jar"/>
    <property name="sun.management.compiler" value="HotSpot 64-Bit Tiered Compilers"/>
    <property name="java.runtime.version" value="11.0.19+7"/>
    <property name="user.name" value="julian"/>
    <property name="path.separator" value=":"/>
    <property name="os.version" value="5.19.0-43-generic"/>
    <property name="java.runtime.name" value="OpenJDK Runtime Environment"/>
    <property name="file.encoding" value="UTF-8"/>
    <property name="java.vm.name" value="OpenJDK 64-Bit Server VM"/>
    <property name="java.vendor.version" value="Temurin-11.0.19+7"/>
    <property name="localRepository" value="/home/julian/.m2/repository"/>
    <property name="java.vendor.url.bug" value="https://github.com/adoptium/adoptium-support/issues"/>
    <property name="java.io.tmpdir" value="/tmp"/>
    <property name="idea.version" value="2023.1.2"/>
    <property name="java.version" value="11.0.19"/>
    <property name="user.dir" value="/home/julian/Documentos/psn/psn_interface"/>
    <property name="os.arch" value="amd64"/>
    <property name="java.vm.specification.name" value="Java Virtual Machine Specification"/>
    <property name="java.awt.printerjob" value="sun.print.PSPrinterJob"/>
    <property name="sun.os.patch.level" value="unknown"/>
    <property name="java.library.path" value="/usr/java/packages/lib:/usr/lib64:/lib64:/lib:/usr/lib"/>
    <property name="java.vm.info" value="mixed mode"/>
    <property name="java.vendor" value="Eclipse Adoptium"/>
    <property name="java.vm.version" value="11.0.19+7"/>
    <property name="sun.io.unicode.encoding" value="UnicodeLittle"/>
    <property name="java.class.version" value="55.0"/>
  </properties>
  <testcase name="contextLoads" classname="com.example.psn_interface.PsnInterfaceApplicationTests" time="0.677"/>
</testsuite>